2025-09-05 23:14:49,830 [INFO] Running command: python src/models/train_baseline.py
2025-09-05 23:17:43,634 [INFO] Command completed successfully: python src/models/train_baseline.py
2025-09-05 23:17:43,634 [INFO] Running command: python src/models/train_tft.py
2025-09-05 23:32:28,628 [INFO] Command completed successfully: python src/models/train_tft.py
2025-09-05 23:32:28,628 [INFO] Training pipeline completed successfully.
2025-09-05 23:32:35,078 [ERROR] Failed to send notification email: (535, b'5.7.8 Username and Password not accepted. For more information, go to\n5.7.8  https://support.google.com/mail/?p=BadCredentials d2e1a72fcca58-77274171cf4sm10643038b3a.76 - gsmtp')
2025-09-06 09:49:15,611 [INFO] Running command: python src/models/train_baseline.py
2025-09-06 09:51:54,204 [INFO] Command completed successfully: python src/models/train_baseline.py
2025-09-06 09:51:54,204 [INFO] Running command: python src/models/train_tft.py
2025-09-06 10:06:05,902 [INFO] Command completed successfully: python src/models/train_tft.py
2025-09-06 10:06:05,903 [INFO] Training pipeline completed successfully.
2025-09-06 10:06:08,294 [ERROR] Failed to send notification email: (535, b'5.7.8 Username and Password not accepted. For more information, go to\n5.7.8  https://support.google.com/mail/?p=BadCredentials d9443c01a7336-24cb28c30f4sm67311435ad.110 - gsmtp')
2025-09-06 10:36:35,923 [INFO] Running command: python src/models/train_baseline.py
2025-09-06 10:39:08,624 [INFO] Command completed successfully: python src/models/train_baseline.py
2025-09-06 10:39:08,625 [INFO] Running command: python src/models/train_tft.py
2025-09-06 10:41:36,802 [INFO] Running command: python src/models/train_baseline.py
2025-09-06 10:44:23,250 [INFO] Command completed successfully: python src/models/train_baseline.py
2025-09-06 10:44:23,250 [INFO] Running command: python src/models/train_tft.py
2025-09-06 10:58:23,433 [INFO] Command completed successfully: python src/models/train_tft.py
2025-09-06 10:58:23,433 [INFO] Training pipeline completed successfully.
2025-09-06 10:58:25,704 [ERROR] Failed to send notification email: (535, b'5.7.8 Username and Password not accepted. For more information, go to\n5.7.8  https://support.google.com/mail/?p=BadCredentials d9443c01a7336-24cd8f374b4sm51358025ad.22 - gsmtp')
2025-09-06 11:18:04,197 [INFO] Running command: python src/models/train_baseline.py
2025-09-06 11:20:56,905 [INFO] Command completed successfully: python src/models/train_baseline.py
2025-09-06 11:20:56,905 [INFO] Running command: python src/models/train_tft.py
2025-09-06 11:37:59,992 [INFO] Command completed successfully: python src/models/train_tft.py
2025-09-06 11:37:59,992 [INFO] Training pipeline completed successfully.
2025-09-06 11:38:06,293 [ERROR] Failed to send notification email: (535, b'5.7.8 Username and Password not accepted. For more information, go to\n5.7.8  https://support.google.com/mail/?p=BadCredentials 98e67ed59e1d1-32b94a2feacsm2546417a91.8 - gsmtp')
2025-09-06 11:38:06,294 [INFO] Running command: python src/models/run_anomaly_detection.py
2025-09-06 11:38:07,929 [INFO] Command completed successfully: python src/models/run_anomaly_detection.py
2025-09-06 11:42:04,839 [INFO] Running command: python src/models/train_baseline.py
2025-09-06 11:45:13,416 [INFO] Command completed successfully: python src/models/train_baseline.py
2025-09-06 11:45:13,416 [INFO] Running command: python src/models/train_tft.py
2025-09-06 11:59:57,451 [INFO] Command completed successfully: python src/models/train_tft.py
2025-09-06 11:59:57,452 [INFO] Running command: python src/models/run_anomaly_detection.py
2025-09-06 12:00:02,643 [INFO] Command completed successfully: python src/models/run_anomaly_detection.py
2025-09-06 12:00:02,643 [INFO] Training pipeline completed successfully.
2025-09-06 12:04:36,237 [INFO] Running command: python src/models/train_baseline.py
2025-09-06 12:08:03,031 [INFO] Command completed successfully: python src/models/train_baseline.py
2025-09-06 12:08:03,031 [INFO] Running command: python src/models/train_tft.py
2025-09-06 12:29:06,610 [INFO] Command completed successfully: python src/models/train_tft.py
2025-09-06 12:29:06,611 [INFO] Running command: python src/models/run_anomaly_detection.py
2025-09-06 12:29:08,479 [INFO] Command completed successfully: python src/models/run_anomaly_detection.py
2025-09-06 12:29:08,481 [INFO] Training pipeline completed successfully.
